TN:
SF:dist/src/v1/controllers/sensor.controller.js
FN:2,(anonymous_0)
FN:8,(anonymous_1)
FN:22,(anonymous_2)
FNF:3
FNH:3
FNDA:1,(anonymous_0)
FNDA:2,(anonymous_1)
FNDA:3,(anonymous_2)
DA:2,1
DA:3,1
DA:5,1
DA:6,1
DA:9,2
DA:10,2
DA:11,2
DA:12,1
DA:13,1
DA:14,1
DA:17,1
DA:18,1
DA:19,1
DA:24,3
DA:25,3
DA:26,3
DA:27,2
DA:28,1
DA:29,1
DA:31,1
DA:32,1
DA:35,1
DA:36,1
DA:38,1
DA:41,1
LF:25
LH:25
BRDA:2,0,0,1
BRDA:2,0,1,0
BRDA:2,0,2,1
BRDA:3,1,0,1
BRDA:3,1,1,0
BRDA:3,2,0,1
BRDA:3,2,1,1
BRDA:24,3,0,2
BRDA:24,3,1,1
BRDA:24,4,0,3
BRDA:24,4,1,3
BRDA:27,5,0,1
BRDA:27,5,1,1
BRF:13
BRH:11
end_of_record
TN:
SF:dist/src/v1/database/sensor.database.js
FN:4,(anonymous_0)
FN:7,(anonymous_1)
FN:17,(anonymous_2)
FN:24,(anonymous_3)
FN:26,(anonymous_4)
FNF:5
FNH:5
FNDA:3,(anonymous_0)
FNDA:4,(anonymous_1)
FNDA:2,(anonymous_2)
FNDA:2,(anonymous_3)
FNDA:2,(anonymous_4)
DA:2,3
DA:5,3
DA:8,4
DA:9,4
DA:10,0
DA:11,0
DA:14,4
DA:18,2
DA:19,2
DA:20,1
DA:22,1
DA:25,2
DA:26,2
DA:27,2
DA:29,2
DA:32,3
LF:16
LH:14
BRDA:9,0,0,0
BRDA:9,0,1,4
BRDA:19,1,0,1
BRDA:19,1,1,1
BRF:4
BRH:3
end_of_record
TN:
SF:dist/src/v1/services/airQualitySummary.js
FN:5,(anonymous_0)
FN:11,(anonymous_1)
FN:17,(anonymous_2)
FN:44,(anonymous_3)
FN:58,(anonymous_4)
FN:64,(anonymous_5)
FN:73,(anonymous_6)
FN:82,(anonymous_7)
FNF:8
FNH:8
FNDA:3,(anonymous_0)
FNDA:3,(anonymous_1)
FNDA:1,(anonymous_2)
FNDA:18,(anonymous_3)
FNDA:21,(anonymous_4)
FNDA:21,(anonymous_5)
FNDA:21,(anonymous_6)
FNDA:6,(anonymous_7)
DA:2,3
DA:3,3
DA:6,3
DA:7,3
DA:8,3
DA:9,3
DA:12,3
DA:13,3
DA:14,3
DA:15,3
DA:18,1
DA:42,3
DA:45,18
DA:46,18
DA:47,18
DA:59,21
DA:60,21
DA:61,21
DA:62,21
DA:65,21
DA:66,3
DA:68,18
DA:74,21
DA:75,6
DA:77,15
DA:83,6
DA:84,1
DA:87,5
DA:91,3
LF:29
LH:29
BRDA:65,0,0,3
BRDA:65,0,1,18
BRDA:74,1,0,6
BRDA:74,1,1,15
BRDA:83,2,0,1
BRDA:83,2,1,5
BRF:6
BRH:6
end_of_record
TN:
SF:dist/src/v1/services/sensor.service.js
FN:2,(anonymous_0)
FN:10,(anonymous_1)
FN:13,(anonymous_2)
FN:16,(anonymous_3)
FN:28,(anonymous_4)
FN:33,(anonymous_5)
FNF:6
FNH:3
FNDA:2,(anonymous_0)
FNDA:2,(anonymous_1)
FNDA:1,(anonymous_2)
FNDA:0,(anonymous_3)
FNDA:0,(anonymous_4)
FNDA:0,(anonymous_5)
DA:2,2
DA:3,2
DA:5,2
DA:6,2
DA:7,2
DA:8,2
DA:11,2
DA:14,1
DA:18,0
DA:19,0
DA:22,0
DA:24,0
DA:25,0
DA:26,0
DA:28,0
DA:29,0
DA:31,0
DA:34,0
DA:37,2
DA:38,2
LF:20
LH:10
BRDA:2,0,0,2
BRDA:2,0,1,0
BRDA:2,0,2,2
BRDA:3,1,0,2
BRDA:3,1,1,0
BRDA:3,2,0,2
BRDA:3,2,1,2
BRDA:18,3,0,0
BRDA:18,3,1,0
BRDA:25,4,0,0
BRDA:25,4,1,0
BRF:11
BRH:5
end_of_record
TN:
SF:dist/src/v1/validators/airQualityData.validator.js
FN:2,(anonymous_0)
FN:9,validateAirQualityData
FN:41,validateDataPoint
FNF:3
FNH:3
FNDA:1,(anonymous_0)
FNDA:2,validateAirQualityData
FNDA:8,validateDataPoint
DA:2,1
DA:3,1
DA:5,1
DA:6,1
DA:7,1
DA:10,2
DA:11,2
DA:12,2
DA:13,2
DA:14,1
DA:16,2
DA:17,2
DA:18,1
DA:20,2
DA:21,2
DA:22,1
DA:24,2
DA:25,2
DA:26,1
DA:28,2
DA:29,1
DA:31,2
DA:32,1
DA:34,2
DA:35,1
DA:36,1
DA:38,1
DA:40,1
DA:42,8
DA:43,0
DA:45,8
DA:46,4
DA:48,4
DA:50,1
LF:34
LH:33
BRDA:2,0,0,1
BRDA:2,0,1,0
BRDA:2,0,2,1
BRDA:3,1,0,0
BRDA:3,1,1,1
BRDA:3,2,0,1
BRDA:3,2,1,1
BRDA:13,3,0,1
BRDA:13,3,1,1
BRDA:17,4,0,1
BRDA:17,4,1,1
BRDA:21,5,0,1
BRDA:21,5,1,1
BRDA:25,6,0,1
BRDA:25,6,1,1
BRDA:28,7,0,1
BRDA:28,7,1,1
BRDA:31,8,0,1
BRDA:31,8,1,1
BRDA:34,9,0,1
BRDA:34,9,1,1
BRDA:42,10,0,0
BRDA:42,10,1,8
BRDA:45,11,0,4
BRDA:45,11,1,4
BRDA:45,12,0,8
BRDA:45,12,1,4
BRF:27
BRH:24
end_of_record
TN:
SF:src/v1/controllers/sensor.controller.ts
FN:6,(anonymous_0)
FN:19,(anonymous_1)
FNF:2
FNH:2
FNDA:2,(anonymous_0)
FNDA:3,(anonymous_1)
DA:7,2
DA:8,2
DA:9,2
DA:10,1
DA:11,1
DA:12,1
DA:14,1
DA:15,1
DA:16,1
DA:20,3
DA:21,3
DA:22,3
DA:23,2
DA:24,1
DA:25,1
DA:27,1
DA:28,1
DA:30,1
DA:31,1
DA:33,1
LF:20
LH:20
BRDA:23,0,0,1
BRDA:23,0,1,1
BRF:2
BRH:2
end_of_record
TN:
SF:src/v1/database/sensor.database.ts
FN:5,(anonymous_0)
FN:14,(anonymous_1)
FN:21,(anonymous_2)
FN:23,(anonymous_3)
FNF:4
FNH:4
FNDA:4,(anonymous_0)
FNDA:2,(anonymous_1)
FNDA:2,(anonymous_2)
FNDA:2,(anonymous_3)
DA:4,3
DA:6,4
DA:7,4
DA:8,0
DA:9,0
DA:11,4
DA:15,2
DA:16,2
DA:17,1
DA:19,1
DA:22,2
DA:23,2
DA:24,2
DA:26,2
LF:14
LH:12
BRDA:7,0,0,0
BRDA:7,0,1,4
BRDA:16,1,0,1
BRDA:16,1,1,1
BRF:4
BRH:3
end_of_record
TN:
SF:src/v1/services/airQualitySummary.ts
FN:13,(anonymous_0)
FN:19,(anonymous_1)
FN:58,(anonymous_2)
FN:64,(anonymous_3)
FN:73,(anonymous_4)
FN:83,(anonymous_5)
FNF:6
FNH:6
FNDA:3,(anonymous_0)
FNDA:1,(anonymous_1)
FNDA:21,(anonymous_2)
FNDA:21,(anonymous_3)
FNDA:21,(anonymous_4)
FNDA:6,(anonymous_5)
DA:8,3
DA:9,3
DA:10,3
DA:11,3
DA:14,3
DA:15,3
DA:16,3
DA:17,3
DA:20,1
DA:45,18
DA:46,18
DA:47,18
DA:59,21
DA:60,21
DA:61,21
DA:62,21
DA:65,21
DA:66,3
DA:68,18
DA:74,21
DA:75,6
DA:78,15
DA:84,6
DA:85,1
DA:87,5
LF:25
LH:25
BRDA:65,0,0,3
BRDA:65,0,1,18
BRDA:74,1,0,6
BRDA:74,1,1,15
BRDA:84,2,0,1
BRDA:84,2,1,5
BRF:6
BRH:6
end_of_record
TN:
SF:src/v1/services/sensor.service.ts
FN:10,(anonymous_0)
FN:13,(anonymous_1)
FN:26,(anonymous_2)
FN:31,(anonymous_3)
FNF:4
FNH:1
FNDA:1,(anonymous_0)
FNDA:0,(anonymous_1)
FNDA:0,(anonymous_2)
FNDA:0,(anonymous_3)
DA:8,2
DA:11,1
DA:17,0
DA:18,0
DA:20,0
DA:22,0
DA:23,0
DA:24,0
DA:26,0
DA:27,0
DA:29,0
DA:32,0
LF:12
LH:2
BRDA:17,0,0,0
BRDA:17,0,1,0
BRDA:23,1,0,0
BRDA:23,1,1,0
BRF:4
BRH:0
end_of_record
TN:
SF:src/v1/validators/airQualityData.validator.ts
FN:7,validateAirQualityData
FN:63,validateDataPoint
FNF:2
FNH:2
FNDA:2,validateAirQualityData
FNDA:8,validateDataPoint
DA:12,2
DA:13,2
DA:14,2
DA:20,2
DA:21,1
DA:23,2
DA:29,2
DA:30,1
DA:32,2
DA:38,2
DA:39,1
DA:41,2
DA:47,2
DA:48,1
DA:51,2
DA:52,1
DA:54,2
DA:55,1
DA:57,2
DA:58,1
DA:59,1
DA:61,1
DA:69,8
DA:70,0
DA:72,8
DA:73,4
DA:75,4
LF:27
LH:26
BRDA:20,0,0,1
BRDA:20,0,1,1
BRDA:29,1,0,1
BRDA:29,1,1,1
BRDA:38,2,0,1
BRDA:38,2,1,1
BRDA:47,3,0,1
BRDA:47,3,1,1
BRDA:51,4,0,1
BRDA:51,4,1,1
BRDA:54,5,0,1
BRDA:54,5,1,1
BRDA:57,6,0,1
BRDA:57,6,1,1
BRDA:69,7,0,0
BRDA:69,7,1,8
BRDA:72,8,0,4
BRDA:72,8,1,4
BRDA:72,9,0,8
BRDA:72,9,1,4
BRF:20
BRH:19
end_of_record
